2022.04.05 07:46:34 INFO  tracing is disabled for protocol LSP, to enable tracing of incoming and outgoing JSON messages create an empty file at /root/grad_design/Experiments_GraphX/.metals/lsp.trace.json or /root/.cache/metals/lsp.trace.json
2022.04.05 07:46:36 INFO  logging to file /root/grad_design/Experiments_GraphX/.metals/metals.log
2022.04.05 07:46:36 INFO  Started: Metals version 0.11.2 in workspace '/root/grad_design/Experiments_GraphX' for client Visual Studio Code 1.66.0.
2022.04.05 07:46:38 INFO  time: initialize in 2.01s
2022.04.05 07:46:38 WARN  Build server is not auto-connectable.
2022.04.05 07:46:38 WARN  no build tool detected in workspace '/root/grad_design/Experiments_GraphX'. The most common cause for this problem is that the editor was opened in the wrong working directory, for example if you use sbt then the workspace directory should contain build.sbt. 
2022.04.05 07:46:39 WARN  no build target for: /root/grad_design/Experiments_GraphX/graph/PageRank.scala
2022.04.05 07:46:42 INFO  no build target found for /root/grad_design/Experiments_GraphX/graph/PageRank.scala. Using presentation compiler with project's scala-library version: 3.1.1
2022.04.05 07:46:45 INFO  time: code lens generation in 5.49s
2022.04.05 07:59:54 ERROR text document: file:///root/grad_design/Experiments_GraphX/graph/PageRank.scala
org.h2.jdbc.JdbcSQLSyntaxErrorException: Table "DEPENDENCY_SOURCE" not found (this database is empty); SQL statement:
select build_target_uri from dependency_source where text_document_uri = ?; [42104-206]
	at org.h2.message.DbException.getJdbcSQLException(DbException.java:521)
	at org.h2.engine.SessionRemote.readException(SessionRemote.java:637)
	at org.h2.engine.SessionRemote.done(SessionRemote.java:606)
	at org.h2.command.CommandRemote.prepare(CommandRemote.java:78)
	at org.h2.command.CommandRemote.<init>(CommandRemote.java:50)
	at org.h2.engine.SessionRemote.prepareCommand(SessionRemote.java:480)
	at org.h2.jdbc.JdbcConnection.prepareCommand(JdbcConnection.java:1111)
	at org.h2.jdbc.JdbcPreparedStatement.<init>(JdbcPreparedStatement.java:92)
	at org.h2.jdbc.JdbcConnection.prepareStatement(JdbcConnection.java:283)
	at scala.meta.internal.metals.JdbcEnrichments$XtensionConnection.query(JdbcEnrichments.scala:35)
	at scala.meta.internal.metals.DependencySources.getBuildTarget(DependencySources.scala:27)
	at scala.meta.internal.metals.BuildTargets.$anonfun$inverseSources$1(BuildTargets.scala:319)
	at scala.Option.flatMap(Option.scala:271)
	at scala.meta.internal.metals.BuildTargets.inverseSources(BuildTargets.scala:319)
	at scala.meta.internal.metals.FileSystemSemanticdbs.textDocument(FileSystemSemanticdbs.scala:33)
	at scala.meta.internal.metals.AggregateSemanticdbs.loop$1(AggregateSemanticdbs.scala:30)
	at scala.meta.internal.metals.AggregateSemanticdbs.textDocument(AggregateSemanticdbs.scala:36)
	at scala.meta.internal.metals.DocumentHighlightProvider.documentHighlight(DocumentHighlightProvider.scala:26)
	at scala.meta.internal.metals.MetalsLanguageServer.$anonfun$documentHighlights$1(MetalsLanguageServer.scala:1451)
	at scala.meta.internal.metals.CancelTokens$.$anonfun$apply$2(CancelTokens.scala:26)
	at scala.concurrent.Future$.$anonfun$apply$1(Future.scala:659)
	at scala.util.Success.$anonfun$map$1(Try.scala:255)
	at scala.util.Success.map(Try.scala:213)
	at scala.concurrent.Future.$anonfun$map$1(Future.scala:292)
	at scala.concurrent.impl.Promise.liftedTree1$1(Promise.scala:33)
	at scala.concurrent.impl.Promise.$anonfun$transform$1(Promise.scala:33)
	at scala.concurrent.impl.CallbackRunnable.run(Promise.scala:64)
	at java.util.concurrent.ThreadPoolExecutor.runWorker(ThreadPoolExecutor.java:1149)
	at java.util.concurrent.ThreadPoolExecutor$Worker.run(ThreadPoolExecutor.java:624)
	at java.lang.Thread.run(Thread.java:748)

Apr 05, 2022 7:59:57 AM org.eclipse.lsp4j.jsonrpc.RemoteEndpoint fallbackResponseError
SEVERE: Internal error: java.lang.reflect.InvocationTargetException
java.lang.RuntimeException: java.lang.reflect.InvocationTargetException
	at org.eclipse.lsp4j.jsonrpc.services.GenericEndpoint.lambda$null$0(GenericEndpoint.java:67)
	at org.eclipse.lsp4j.jsonrpc.services.GenericEndpoint.request(GenericEndpoint.java:120)
	at org.eclipse.lsp4j.jsonrpc.RemoteEndpoint.handleRequest(RemoteEndpoint.java:261)
	at org.eclipse.lsp4j.jsonrpc.RemoteEndpoint.consume(RemoteEndpoint.java:190)
	at org.eclipse.lsp4j.jsonrpc.json.StreamMessageProducer.handleMessage(StreamMessageProducer.java:194)
	at org.eclipse.lsp4j.jsonrpc.json.StreamMessageProducer.listen(StreamMessageProducer.java:94)
	at org.eclipse.lsp4j.jsonrpc.json.ConcurrentMessageProcessor.run(ConcurrentMessageProcessor.java:113)
	at java.util.concurrent.Executors$RunnableAdapter.call(Executors.java:511)
	at java.util.concurrent.FutureTask.run(FutureTask.java:266)
	at java.util.concurrent.ThreadPoolExecutor.runWorker(ThreadPoolExecutor.java:1149)
	at java.util.concurrent.ThreadPoolExecutor$Worker.run(ThreadPoolExecutor.java:624)
	at java.lang.Thread.run(Thread.java:748)
Caused by: java.lang.reflect.InvocationTargetException
	at sun.reflect.NativeMethodAccessorImpl.invoke0(Native Method)
	at sun.reflect.NativeMethodAccessorImpl.invoke(NativeMethodAccessorImpl.java:62)
	at sun.reflect.DelegatingMethodAccessorImpl.invoke(DelegatingMethodAccessorImpl.java:43)
	at java.lang.reflect.Method.invoke(Method.java:498)
	at org.eclipse.lsp4j.jsonrpc.services.GenericEndpoint.lambda$null$0(GenericEndpoint.java:65)
	... 11 more
Caused by: org.h2.jdbc.JdbcSQLSyntaxErrorException: Table "DEPENDENCY_SOURCE" not found (this database is empty); SQL statement:
select build_target_uri from dependency_source where text_document_uri = ?; [42104-206]
	at org.h2.message.DbException.getJdbcSQLException(DbException.java:521)
	at org.h2.message.DbException.getJdbcSQLException(DbException.java:496)
	at org.h2.message.DbException.get(DbException.java:227)
	at org.h2.message.DbException.get(DbException.java:203)
	at org.h2.command.Parser.getTableOrViewNotFoundDbException(Parser.java:9447)
	at org.h2.command.Parser.getTableOrViewNotFoundDbException(Parser.java:9431)
	at org.h2.command.Parser.readTableOrView(Parser.java:9420)
	at org.h2.command.Parser.readTableFilter(Parser.java:2202)
	at org.h2.command.Parser.parseSelectFromPart(Parser.java:3102)
	at org.h2.command.Parser.parseSelect(Parser.java:3220)
	at org.h2.command.Parser.parseQuerySub(Parser.java:3092)
	at org.h2.command.Parser.parseSelectUnion(Parser.java:2930)
	at org.h2.command.Parser.parseQuery(Parser.java:2900)
	at org.h2.command.Parser.parsePrepared(Parser.java:1101)
	at org.h2.command.Parser.parse(Parser.java:1068)
	at org.h2.command.Parser.parse(Parser.java:1037)
	at org.h2.command.Parser.prepareCommand(Parser.java:965)
	at org.h2.engine.SessionLocal.prepareLocal(SessionLocal.java:624)
	at org.h2.server.TcpServerThread.process(TcpServerThread.java:288)
	at org.h2.server.TcpServerThread.run(TcpServerThread.java:191)
	at java.lang.Thread.run(Thread.java:748)

	at org.h2.message.DbException.getJdbcSQLException(DbException.java:521)
	at org.h2.engine.SessionRemote.readException(SessionRemote.java:637)
	at org.h2.engine.SessionRemote.done(SessionRemote.java:606)
	at org.h2.command.CommandRemote.prepare(CommandRemote.java:78)
	at org.h2.command.CommandRemote.<init>(CommandRemote.java:50)
	at org.h2.engine.SessionRemote.prepareCommand(SessionRemote.java:480)
	at org.h2.jdbc.JdbcConnection.prepareCommand(JdbcConnection.java:1111)
	at org.h2.jdbc.JdbcPreparedStatement.<init>(JdbcPreparedStatement.java:92)
	at org.h2.jdbc.JdbcConnection.prepareStatement(JdbcConnection.java:283)
	at scala.meta.internal.metals.JdbcEnrichments$XtensionConnection.query(JdbcEnrichments.scala:35)
	at scala.meta.internal.metals.DependencySources.getBuildTarget(DependencySources.scala:27)
	at scala.meta.internal.metals.BuildTargets.$anonfun$inverseSources$1(BuildTargets.scala:319)
	at scala.Option.flatMap(Option.scala:271)
	at scala.meta.internal.metals.BuildTargets.inverseSources(BuildTargets.scala:319)
	at scala.meta.internal.metals.Compilers.fromBuildTarget$1(Compilers.scala:437)
	at scala.meta.internal.metals.Compilers.loadCompiler(Compilers.scala:447)
	at scala.meta.internal.metals.Compilers.withPCAndAdjustLsp(Compilers.scala:610)
	at scala.meta.internal.metals.Compilers.hover(Compilers.scala:374)
	at scala.meta.internal.metals.MetalsLanguageServer.$anonfun$hover$1(MetalsLanguageServer.scala:1431)
	at scala.meta.internal.metals.CancelTokens$.future(CancelTokens.scala:38)
	at scala.meta.internal.metals.MetalsLanguageServer.hover(MetalsLanguageServer.scala:1429)
	... 16 more

Apr 05, 2022 8:00:03 AM org.eclipse.lsp4j.jsonrpc.RemoteEndpoint fallbackResponseError
SEVERE: Internal error: java.lang.reflect.InvocationTargetException
java.lang.RuntimeException: java.lang.reflect.InvocationTargetException
	at org.eclipse.lsp4j.jsonrpc.services.GenericEndpoint.lambda$null$0(GenericEndpoint.java:67)
	at org.eclipse.lsp4j.jsonrpc.services.GenericEndpoint.request(GenericEndpoint.java:120)
	at org.eclipse.lsp4j.jsonrpc.RemoteEndpoint.handleRequest(RemoteEndpoint.java:261)
	at org.eclipse.lsp4j.jsonrpc.RemoteEndpoint.consume(RemoteEndpoint.java:190)
	at org.eclipse.lsp4j.jsonrpc.json.StreamMessageProducer.handleMessage(StreamMessageProducer.java:194)
	at org.eclipse.lsp4j.jsonrpc.json.StreamMessageProducer.listen(StreamMessageProducer.java:94)
	at org.eclipse.lsp4j.jsonrpc.json.ConcurrentMessageProcessor.run(ConcurrentMessageProcessor.java:113)
	at java.util.concurrent.Executors$RunnableAdapter.call(Executors.java:511)
	at java.util.concurrent.FutureTask.run(FutureTask.java:266)
	at java.util.concurrent.ThreadPoolExecutor.runWorker(ThreadPoolExecutor.java:1149)
	at java.util.concurrent.ThreadPoolExecutor$Worker.run(ThreadPoolExecutor.java:624)
	at java.lang.Thread.run(Thread.java:748)
Caused by: java.lang.reflect.InvocationTargetException
	at sun.reflect.NativeMethodAccessorImpl.invoke0(Native Method)
	at sun.reflect.NativeMethodAccessorImpl.invoke(NativeMethodAccessorImpl.java:62)
	at sun.reflect.DelegatingMethodAccessorImpl.invoke(DelegatingMethodAccessorImpl.java:43)
	at java.lang.reflect.Method.invoke(Method.java:498)
	at org.eclipse.lsp4j.jsonrpc.services.GenericEndpoint.lambda$null$0(GenericEndpoint.java:65)
	... 11 more
Caused by: org.h2.jdbc.JdbcSQLSyntaxErrorException: Table "DEPENDENCY_SOURCE" not found (this database is empty); SQL statement:
select build_target_uri from dependency_source where text_document_uri = ?; [42104-206]
	at org.h2.message.DbException.getJdbcSQLException(DbException.java:521)
	at org.h2.message.DbException.getJdbcSQLException(DbException.java:496)
	at org.h2.message.DbException.get(DbException.java:227)
	at org.h2.message.DbException.get(DbException.java:203)
	at org.h2.command.Parser.getTableOrViewNotFoundDbException(Parser.java:9447)
	at org.h2.command.Parser.getTableOrViewNotFoundDbException(Parser.java:9431)
	at org.h2.command.Parser.readTableOrView(Parser.java:9420)
	at org.h2.command.Parser.readTableFilter(Parser.java:2202)
	at org.h2.command.Parser.parseSelectFromPart(Parser.java:3102)
	at org.h2.command.Parser.parseSelect(Parser.java:3220)
	at org.h2.command.Parser.parseQuerySub(Parser.java:3092)
	at org.h2.command.Parser.parseSelectUnion(Parser.java:2930)
	at org.h2.command.Parser.parseQuery(Parser.java:2900)
	at org.h2.command.Parser.parsePrepared(Parser.java:1101)
	at org.h2.command.Parser.parse(Parser.java:1068)
	at org.h2.command.Parser.parse(Parser.java:1037)
	at org.h2.command.Parser.prepareCommand(Parser.java:965)
	at org.h2.engine.SessionLocal.prepareLocal(SessionLocal.java:624)
	at org.h2.server.TcpServerThread.process(TcpServerThread.java:288)
	at org.h2.server.TcpServerThread.run(TcpServerThread.java:191)
	at java.lang.Thread.run(Thread.java:748)

	at org.h2.message.DbException.getJdbcSQLException(DbException.java:521)
	at org.h2.engine.SessionRemote.readException(SessionRemote.java:637)
	at org.h2.engine.SessionRemote.done(SessionRemote.java:606)
	at org.h2.command.CommandRemote.prepare(CommandRemote.java:78)
	at org.h2.command.CommandRemote.<init>(CommandRemote.java:50)
	at org.h2.engine.SessionRemote.prepareCommand(SessionRemote.java:480)
	at org.h2.jdbc.JdbcConnection.prepareCommand(JdbcConnection.java:1111)
	at org.h2.jdbc.JdbcPreparedStatement.<init>(JdbcPreparedStatement.java:92)
	at org.h2.jdbc.JdbcConnection.prepareStatement(JdbcConnection.java:283)
	at scala.meta.internal.metals.JdbcEnrichments$XtensionConnection.query(JdbcEnrichments.scala:35)
	at scala.meta.internal.metals.DependencySources.getBuildTarget(DependencySources.scala:27)
	at scala.meta.internal.metals.BuildTargets.$anonfun$inverseSources$1(BuildTargets.scala:319)
	at scala.Option.flatMap(Option.scala:271)
	at scala.meta.internal.metals.BuildTargets.inverseSources(BuildTargets.scala:319)
	at scala.meta.internal.metals.Compilers.fromBuildTarget$1(Compilers.scala:437)
	at scala.meta.internal.metals.Compilers.loadCompiler(Compilers.scala:447)
	at scala.meta.internal.metals.Compilers.withPCAndAdjustLsp(Compilers.scala:610)
	at scala.meta.internal.metals.Compilers.hover(Compilers.scala:374)
	at scala.meta.internal.metals.MetalsLanguageServer.$anonfun$hover$1(MetalsLanguageServer.scala:1431)
	at scala.meta.internal.metals.CancelTokens$.future(CancelTokens.scala:38)
	at scala.meta.internal.metals.MetalsLanguageServer.hover(MetalsLanguageServer.scala:1429)
	... 16 more

2022.04.05 08:00:04 ERROR text document: file:///root/grad_design/Experiments_GraphX/graph/PageRank.scala
org.h2.jdbc.JdbcSQLSyntaxErrorException: Table "DEPENDENCY_SOURCE" not found (this database is empty); SQL statement:
select build_target_uri from dependency_source where text_document_uri = ?; [42104-206]
	at org.h2.message.DbException.getJdbcSQLException(DbException.java:521)
	at org.h2.engine.SessionRemote.readException(SessionRemote.java:637)
	at org.h2.engine.SessionRemote.done(SessionRemote.java:606)
	at org.h2.command.CommandRemote.prepare(CommandRemote.java:78)
	at org.h2.command.CommandRemote.<init>(CommandRemote.java:50)
	at org.h2.engine.SessionRemote.prepareCommand(SessionRemote.java:480)
	at org.h2.jdbc.JdbcConnection.prepareCommand(JdbcConnection.java:1111)
	at org.h2.jdbc.JdbcPreparedStatement.<init>(JdbcPreparedStatement.java:92)
	at org.h2.jdbc.JdbcConnection.prepareStatement(JdbcConnection.java:283)
	at scala.meta.internal.metals.JdbcEnrichments$XtensionConnection.query(JdbcEnrichments.scala:35)
	at scala.meta.internal.metals.DependencySources.getBuildTarget(DependencySources.scala:27)
	at scala.meta.internal.metals.BuildTargets.$anonfun$inverseSources$1(BuildTargets.scala:319)
	at scala.Option.flatMap(Option.scala:271)
	at scala.meta.internal.metals.BuildTargets.inverseSources(BuildTargets.scala:319)
	at scala.meta.internal.metals.FileSystemSemanticdbs.textDocument(FileSystemSemanticdbs.scala:33)
	at scala.meta.internal.metals.AggregateSemanticdbs.loop$1(AggregateSemanticdbs.scala:30)
	at scala.meta.internal.metals.AggregateSemanticdbs.textDocument(AggregateSemanticdbs.scala:36)
	at scala.meta.internal.metals.CodeLensProvider.findLenses(CodeLensProvider.scala:22)
	at scala.meta.internal.metals.MetalsLanguageServer.$anonfun$codeLens$2(MetalsLanguageServer.scala:1628)
	at scala.meta.internal.metals.TimerProvider.timedThunk(TimerProvider.scala:25)
	at scala.meta.internal.metals.MetalsLanguageServer.$anonfun$codeLens$1(MetalsLanguageServer.scala:1626)
	at scala.meta.internal.metals.CancelTokens$.$anonfun$apply$2(CancelTokens.scala:26)
	at scala.concurrent.Future$.$anonfun$apply$1(Future.scala:659)
	at scala.util.Success.$anonfun$map$1(Try.scala:255)
	at scala.util.Success.map(Try.scala:213)
	at scala.concurrent.Future.$anonfun$map$1(Future.scala:292)
	at scala.concurrent.impl.Promise.liftedTree1$1(Promise.scala:33)
	at scala.concurrent.impl.Promise.$anonfun$transform$1(Promise.scala:33)
	at scala.concurrent.impl.CallbackRunnable.run(Promise.scala:64)
	at java.util.concurrent.ThreadPoolExecutor.runWorker(ThreadPoolExecutor.java:1149)
	at java.util.concurrent.ThreadPoolExecutor$Worker.run(ThreadPoolExecutor.java:624)
	at java.lang.Thread.run(Thread.java:748)

2022.04.05 08:00:56 ERROR text document: file:///root/grad_design/Experiments_GraphX/graph/PageRank.scala
org.h2.jdbc.JdbcSQLSyntaxErrorException: Table "DEPENDENCY_SOURCE" not found (this database is empty); SQL statement:
select build_target_uri from dependency_source where text_document_uri = ?; [42104-206]
	at org.h2.message.DbException.getJdbcSQLException(DbException.java:521)
	at org.h2.engine.SessionRemote.readException(SessionRemote.java:637)
	at org.h2.engine.SessionRemote.done(SessionRemote.java:606)
	at org.h2.command.CommandRemote.prepare(CommandRemote.java:78)
	at org.h2.command.CommandRemote.<init>(CommandRemote.java:50)
	at org.h2.engine.SessionRemote.prepareCommand(SessionRemote.java:480)
	at org.h2.jdbc.JdbcConnection.prepareCommand(JdbcConnection.java:1111)
	at org.h2.jdbc.JdbcPreparedStatement.<init>(JdbcPreparedStatement.java:92)
	at org.h2.jdbc.JdbcConnection.prepareStatement(JdbcConnection.java:283)
	at scala.meta.internal.metals.JdbcEnrichments$XtensionConnection.query(JdbcEnrichments.scala:35)
	at scala.meta.internal.metals.DependencySources.getBuildTarget(DependencySources.scala:27)
	at scala.meta.internal.metals.BuildTargets.$anonfun$inverseSources$1(BuildTargets.scala:319)
	at scala.Option.flatMap(Option.scala:271)
	at scala.meta.internal.metals.BuildTargets.inverseSources(BuildTargets.scala:319)
	at scala.meta.internal.metals.FileSystemSemanticdbs.textDocument(FileSystemSemanticdbs.scala:33)
	at scala.meta.internal.metals.AggregateSemanticdbs.loop$1(AggregateSemanticdbs.scala:30)
	at scala.meta.internal.metals.AggregateSemanticdbs.textDocument(AggregateSemanticdbs.scala:36)
	at scala.meta.internal.metals.CodeLensProvider.findLenses(CodeLensProvider.scala:22)
	at scala.meta.internal.metals.MetalsLanguageServer.$anonfun$codeLens$2(MetalsLanguageServer.scala:1628)
	at scala.meta.internal.metals.TimerProvider.timedThunk(TimerProvider.scala:25)
	at scala.meta.internal.metals.MetalsLanguageServer.$anonfun$codeLens$1(MetalsLanguageServer.scala:1626)
	at scala.meta.internal.metals.CancelTokens$.$anonfun$apply$2(CancelTokens.scala:26)
	at scala.concurrent.Future$.$anonfun$apply$1(Future.scala:659)
	at scala.util.Success.$anonfun$map$1(Try.scala:255)
	at scala.util.Success.map(Try.scala:213)
	at scala.concurrent.Future.$anonfun$map$1(Future.scala:292)
	at scala.concurrent.impl.Promise.liftedTree1$1(Promise.scala:33)
	at scala.concurrent.impl.Promise.$anonfun$transform$1(Promise.scala:33)
	at scala.concurrent.impl.CallbackRunnable.run(Promise.scala:64)
	at java.util.concurrent.ThreadPoolExecutor.runWorker(ThreadPoolExecutor.java:1149)
	at java.util.concurrent.ThreadPoolExecutor$Worker.run(ThreadPoolExecutor.java:624)
	at java.lang.Thread.run(Thread.java:748)

2022.04.05 08:04:52 ERROR text document: file:///root/grad_design/Experiments_GraphX/graph/PageRank.scala
org.h2.jdbc.JdbcSQLSyntaxErrorException: Table "DEPENDENCY_SOURCE" not found (this database is empty); SQL statement:
select build_target_uri from dependency_source where text_document_uri = ?; [42104-206]
	at org.h2.message.DbException.getJdbcSQLException(DbException.java:521)
	at org.h2.engine.SessionRemote.readException(SessionRemote.java:637)
	at org.h2.engine.SessionRemote.done(SessionRemote.java:606)
	at org.h2.command.CommandRemote.prepare(CommandRemote.java:78)
	at org.h2.command.CommandRemote.<init>(CommandRemote.java:50)
	at org.h2.engine.SessionRemote.prepareCommand(SessionRemote.java:480)
	at org.h2.jdbc.JdbcConnection.prepareCommand(JdbcConnection.java:1111)
	at org.h2.jdbc.JdbcPreparedStatement.<init>(JdbcPreparedStatement.java:92)
	at org.h2.jdbc.JdbcConnection.prepareStatement(JdbcConnection.java:283)
	at scala.meta.internal.metals.JdbcEnrichments$XtensionConnection.query(JdbcEnrichments.scala:35)
	at scala.meta.internal.metals.DependencySources.getBuildTarget(DependencySources.scala:27)
	at scala.meta.internal.metals.BuildTargets.$anonfun$inverseSources$1(BuildTargets.scala:319)
	at scala.Option.flatMap(Option.scala:271)
	at scala.meta.internal.metals.BuildTargets.inverseSources(BuildTargets.scala:319)
	at scala.meta.internal.metals.FileSystemSemanticdbs.textDocument(FileSystemSemanticdbs.scala:33)
	at scala.meta.internal.metals.AggregateSemanticdbs.loop$1(AggregateSemanticdbs.scala:30)
	at scala.meta.internal.metals.AggregateSemanticdbs.textDocument(AggregateSemanticdbs.scala:36)
	at scala.meta.internal.metals.CodeLensProvider.findLenses(CodeLensProvider.scala:22)
	at scala.meta.internal.metals.MetalsLanguageServer.$anonfun$codeLens$2(MetalsLanguageServer.scala:1628)
	at scala.meta.internal.metals.TimerProvider.timedThunk(TimerProvider.scala:25)
	at scala.meta.internal.metals.MetalsLanguageServer.$anonfun$codeLens$1(MetalsLanguageServer.scala:1626)
	at scala.meta.internal.metals.CancelTokens$.$anonfun$apply$2(CancelTokens.scala:26)
	at scala.concurrent.Future$.$anonfun$apply$1(Future.scala:659)
	at scala.util.Success.$anonfun$map$1(Try.scala:255)
	at scala.util.Success.map(Try.scala:213)
	at scala.concurrent.Future.$anonfun$map$1(Future.scala:292)
	at scala.concurrent.impl.Promise.liftedTree1$1(Promise.scala:33)
	at scala.concurrent.impl.Promise.$anonfun$transform$1(Promise.scala:33)
	at scala.concurrent.impl.CallbackRunnable.run(Promise.scala:64)
	at java.util.concurrent.ThreadPoolExecutor.runWorker(ThreadPoolExecutor.java:1149)
	at java.util.concurrent.ThreadPoolExecutor$Worker.run(ThreadPoolExecutor.java:624)
	at java.lang.Thread.run(Thread.java:748)

Apr 05, 2022 8:05:22 AM org.eclipse.lsp4j.jsonrpc.RemoteEndpoint fallbackResponseError
SEVERE: Internal error: java.lang.reflect.InvocationTargetException
java.lang.RuntimeException: java.lang.reflect.InvocationTargetException
	at org.eclipse.lsp4j.jsonrpc.services.GenericEndpoint.lambda$null$0(GenericEndpoint.java:67)
	at org.eclipse.lsp4j.jsonrpc.services.GenericEndpoint.request(GenericEndpoint.java:120)
	at org.eclipse.lsp4j.jsonrpc.RemoteEndpoint.handleRequest(RemoteEndpoint.java:261)
	at org.eclipse.lsp4j.jsonrpc.RemoteEndpoint.consume(RemoteEndpoint.java:190)
	at org.eclipse.lsp4j.jsonrpc.json.StreamMessageProducer.handleMessage(StreamMessageProducer.java:194)
	at org.eclipse.lsp4j.jsonrpc.json.StreamMessageProducer.listen(StreamMessageProducer.java:94)
	at org.eclipse.lsp4j.jsonrpc.json.ConcurrentMessageProcessor.run(ConcurrentMessageProcessor.java:113)
	at java.util.concurrent.Executors$RunnableAdapter.call(Executors.java:511)
	at java.util.concurrent.FutureTask.run(FutureTask.java:266)
	at java.util.concurrent.ThreadPoolExecutor.runWorker(ThreadPoolExecutor.java:1149)
	at java.util.concurrent.ThreadPoolExecutor$Worker.run(ThreadPoolExecutor.java:624)
	at java.lang.Thread.run(Thread.java:748)
Caused by: java.lang.reflect.InvocationTargetException
	at sun.reflect.NativeMethodAccessorImpl.invoke0(Native Method)
	at sun.reflect.NativeMethodAccessorImpl.invoke(NativeMethodAccessorImpl.java:62)
	at sun.reflect.DelegatingMethodAccessorImpl.invoke(DelegatingMethodAccessorImpl.java:43)
	at java.lang.reflect.Method.invoke(Method.java:498)
	at org.eclipse.lsp4j.jsonrpc.services.GenericEndpoint.lambda$null$0(GenericEndpoint.java:65)
	... 11 more
Caused by: org.h2.jdbc.JdbcSQLSyntaxErrorException: Table "DEPENDENCY_SOURCE" not found (this database is empty); SQL statement:
select build_target_uri from dependency_source where text_document_uri = ?; [42104-206]
	at org.h2.message.DbException.getJdbcSQLException(DbException.java:521)
	at org.h2.message.DbException.getJdbcSQLException(DbException.java:496)
	at org.h2.message.DbException.get(DbException.java:227)
	at org.h2.message.DbException.get(DbException.java:203)
	at org.h2.command.Parser.getTableOrViewNotFoundDbException(Parser.java:9447)
	at org.h2.command.Parser.getTableOrViewNotFoundDbException(Parser.java:9431)
	at org.h2.command.Parser.readTableOrView(Parser.java:9420)
	at org.h2.command.Parser.readTableFilter(Parser.java:2202)
	at org.h2.command.Parser.parseSelectFromPart(Parser.java:3102)
	at org.h2.command.Parser.parseSelect(Parser.java:3220)
	at org.h2.command.Parser.parseQuerySub(Parser.java:3092)
	at org.h2.command.Parser.parseSelectUnion(Parser.java:2930)
	at org.h2.command.Parser.parseQuery(Parser.java:2900)
	at org.h2.command.Parser.parsePrepared(Parser.java:1101)
	at org.h2.command.Parser.parse(Parser.java:1068)
	at org.h2.command.Parser.parse(Parser.java:1037)
	at org.h2.command.Parser.prepareCommand(Parser.java:965)
	at org.h2.engine.SessionLocal.prepareLocal(SessionLocal.java:624)
	at org.h2.server.TcpServerThread.process(TcpServerThread.java:288)
	at org.h2.server.TcpServerThread.run(TcpServerThread.java:191)
	at java.lang.Thread.run(Thread.java:748)

	at org.h2.message.DbException.getJdbcSQLException(DbException.java:521)
	at org.h2.engine.SessionRemote.readException(SessionRemote.java:637)
	at org.h2.engine.SessionRemote.done(SessionRemote.java:606)
	at org.h2.command.CommandRemote.prepare(CommandRemote.java:78)
	at org.h2.command.CommandRemote.<init>(CommandRemote.java:50)
	at org.h2.engine.SessionRemote.prepareCommand(SessionRemote.java:480)
	at org.h2.jdbc.JdbcConnection.prepareCommand(JdbcConnection.java:1111)
	at org.h2.jdbc.JdbcPreparedStatement.<init>(JdbcPreparedStatement.java:92)
	at org.h2.jdbc.JdbcConnection.prepareStatement(JdbcConnection.java:283)
	at scala.meta.internal.metals.JdbcEnrichments$XtensionConnection.query(JdbcEnrichments.scala:35)
	at scala.meta.internal.metals.DependencySources.getBuildTarget(DependencySources.scala:27)
	at scala.meta.internal.metals.BuildTargets.$anonfun$inverseSources$1(BuildTargets.scala:319)
	at scala.Option.flatMap(Option.scala:271)
	at scala.meta.internal.metals.BuildTargets.inverseSources(BuildTargets.scala:319)
	at scala.meta.internal.metals.Compilers.fromBuildTarget$1(Compilers.scala:437)
	at scala.meta.internal.metals.Compilers.loadCompiler(Compilers.scala:447)
	at scala.meta.internal.metals.Compilers.withPCAndAdjustLsp(Compilers.scala:610)
	at scala.meta.internal.metals.Compilers.hover(Compilers.scala:374)
	at scala.meta.internal.metals.MetalsLanguageServer.$anonfun$hover$1(MetalsLanguageServer.scala:1431)
	at scala.meta.internal.metals.CancelTokens$.future(CancelTokens.scala:38)
	at scala.meta.internal.metals.MetalsLanguageServer.hover(MetalsLanguageServer.scala:1429)
	... 16 more

2022.04.05 08:22:52 ERROR text document: file:///root/grad_design/Experiments_GraphX/graph/PageRank.scala
org.h2.jdbc.JdbcSQLSyntaxErrorException: Table "DEPENDENCY_SOURCE" not found (this database is empty); SQL statement:
select build_target_uri from dependency_source where text_document_uri = ?; [42104-206]
	at org.h2.message.DbException.getJdbcSQLException(DbException.java:521)
	at org.h2.engine.SessionRemote.readException(SessionRemote.java:637)
	at org.h2.engine.SessionRemote.done(SessionRemote.java:606)
	at org.h2.command.CommandRemote.prepare(CommandRemote.java:78)
	at org.h2.command.CommandRemote.<init>(CommandRemote.java:50)
	at org.h2.engine.SessionRemote.prepareCommand(SessionRemote.java:480)
	at org.h2.jdbc.JdbcConnection.prepareCommand(JdbcConnection.java:1111)
	at org.h2.jdbc.JdbcPreparedStatement.<init>(JdbcPreparedStatement.java:92)
	at org.h2.jdbc.JdbcConnection.prepareStatement(JdbcConnection.java:283)
	at scala.meta.internal.metals.JdbcEnrichments$XtensionConnection.query(JdbcEnrichments.scala:35)
	at scala.meta.internal.metals.DependencySources.getBuildTarget(DependencySources.scala:27)
	at scala.meta.internal.metals.BuildTargets.$anonfun$inverseSources$1(BuildTargets.scala:319)
	at scala.Option.flatMap(Option.scala:271)
	at scala.meta.internal.metals.BuildTargets.inverseSources(BuildTargets.scala:319)
	at scala.meta.internal.metals.FileSystemSemanticdbs.textDocument(FileSystemSemanticdbs.scala:33)
	at scala.meta.internal.metals.AggregateSemanticdbs.loop$1(AggregateSemanticdbs.scala:30)
	at scala.meta.internal.metals.AggregateSemanticdbs.textDocument(AggregateSemanticdbs.scala:36)
	at scala.meta.internal.metals.CodeLensProvider.findLenses(CodeLensProvider.scala:22)
	at scala.meta.internal.metals.MetalsLanguageServer.$anonfun$codeLens$2(MetalsLanguageServer.scala:1628)
	at scala.meta.internal.metals.TimerProvider.timedThunk(TimerProvider.scala:25)
	at scala.meta.internal.metals.MetalsLanguageServer.$anonfun$codeLens$1(MetalsLanguageServer.scala:1626)
	at scala.meta.internal.metals.CancelTokens$.$anonfun$apply$2(CancelTokens.scala:26)
	at scala.concurrent.Future$.$anonfun$apply$1(Future.scala:659)
	at scala.util.Success.$anonfun$map$1(Try.scala:255)
	at scala.util.Success.map(Try.scala:213)
	at scala.concurrent.Future.$anonfun$map$1(Future.scala:292)
	at scala.concurrent.impl.Promise.liftedTree1$1(Promise.scala:33)
	at scala.concurrent.impl.Promise.$anonfun$transform$1(Promise.scala:33)
	at scala.concurrent.impl.CallbackRunnable.run(Promise.scala:64)
	at java.util.concurrent.ThreadPoolExecutor.runWorker(ThreadPoolExecutor.java:1149)
	at java.util.concurrent.ThreadPoolExecutor$Worker.run(ThreadPoolExecutor.java:624)
	at java.lang.Thread.run(Thread.java:748)

2022.04.05 10:21:35 ERROR text document: file:///root/grad_design/Experiments_GraphX/graph/PageRank.scala
org.h2.jdbc.JdbcSQLSyntaxErrorException: Table "DEPENDENCY_SOURCE" not found (this database is empty); SQL statement:
select build_target_uri from dependency_source where text_document_uri = ?; [42104-206]
	at org.h2.message.DbException.getJdbcSQLException(DbException.java:521)
	at org.h2.engine.SessionRemote.readException(SessionRemote.java:637)
	at org.h2.engine.SessionRemote.done(SessionRemote.java:606)
	at org.h2.command.CommandRemote.prepare(CommandRemote.java:78)
	at org.h2.command.CommandRemote.<init>(CommandRemote.java:50)
	at org.h2.engine.SessionRemote.prepareCommand(SessionRemote.java:480)
	at org.h2.jdbc.JdbcConnection.prepareCommand(JdbcConnection.java:1111)
	at org.h2.jdbc.JdbcPreparedStatement.<init>(JdbcPreparedStatement.java:92)
	at org.h2.jdbc.JdbcConnection.prepareStatement(JdbcConnection.java:283)
	at scala.meta.internal.metals.JdbcEnrichments$XtensionConnection.query(JdbcEnrichments.scala:35)
	at scala.meta.internal.metals.DependencySources.getBuildTarget(DependencySources.scala:27)
	at scala.meta.internal.metals.BuildTargets.$anonfun$inverseSources$1(BuildTargets.scala:319)
	at scala.Option.flatMap(Option.scala:271)
	at scala.meta.internal.metals.BuildTargets.inverseSources(BuildTargets.scala:319)
	at scala.meta.internal.metals.FileSystemSemanticdbs.textDocument(FileSystemSemanticdbs.scala:33)
	at scala.meta.internal.metals.AggregateSemanticdbs.loop$1(AggregateSemanticdbs.scala:30)
	at scala.meta.internal.metals.AggregateSemanticdbs.textDocument(AggregateSemanticdbs.scala:36)
	at scala.meta.internal.metals.CodeLensProvider.findLenses(CodeLensProvider.scala:22)
	at scala.meta.internal.metals.MetalsLanguageServer.$anonfun$codeLens$2(MetalsLanguageServer.scala:1628)
	at scala.meta.internal.metals.TimerProvider.timedThunk(TimerProvider.scala:25)
	at scala.meta.internal.metals.MetalsLanguageServer.$anonfun$codeLens$1(MetalsLanguageServer.scala:1626)
	at scala.meta.internal.metals.CancelTokens$.$anonfun$apply$2(CancelTokens.scala:26)
	at scala.concurrent.Future$.$anonfun$apply$1(Future.scala:659)
	at scala.util.Success.$anonfun$map$1(Try.scala:255)
	at scala.util.Success.map(Try.scala:213)
	at scala.concurrent.Future.$anonfun$map$1(Future.scala:292)
	at scala.concurrent.impl.Promise.liftedTree1$1(Promise.scala:33)
	at scala.concurrent.impl.Promise.$anonfun$transform$1(Promise.scala:33)
	at scala.concurrent.impl.CallbackRunnable.run(Promise.scala:64)
	at java.util.concurrent.ThreadPoolExecutor.runWorker(ThreadPoolExecutor.java:1149)
	at java.util.concurrent.ThreadPoolExecutor$Worker.run(ThreadPoolExecutor.java:624)
	at java.lang.Thread.run(Thread.java:748)

2022.04.05 10:22:36 ERROR text document: file:///root/grad_design/Experiments_GraphX/graph/PageRank.scala
org.h2.jdbc.JdbcSQLSyntaxErrorException: Table "DEPENDENCY_SOURCE" not found (this database is empty); SQL statement:
select build_target_uri from dependency_source where text_document_uri = ?; [42104-206]
	at org.h2.message.DbException.getJdbcSQLException(DbException.java:521)
	at org.h2.engine.SessionRemote.readException(SessionRemote.java:637)
	at org.h2.engine.SessionRemote.done(SessionRemote.java:606)
	at org.h2.command.CommandRemote.prepare(CommandRemote.java:78)
	at org.h2.command.CommandRemote.<init>(CommandRemote.java:50)
	at org.h2.engine.SessionRemote.prepareCommand(SessionRemote.java:480)
	at org.h2.jdbc.JdbcConnection.prepareCommand(JdbcConnection.java:1111)
	at org.h2.jdbc.JdbcPreparedStatement.<init>(JdbcPreparedStatement.java:92)
	at org.h2.jdbc.JdbcConnection.prepareStatement(JdbcConnection.java:283)
	at scala.meta.internal.metals.JdbcEnrichments$XtensionConnection.query(JdbcEnrichments.scala:35)
	at scala.meta.internal.metals.DependencySources.getBuildTarget(DependencySources.scala:27)
	at scala.meta.internal.metals.BuildTargets.$anonfun$inverseSources$1(BuildTargets.scala:319)
	at scala.Option.flatMap(Option.scala:271)
	at scala.meta.internal.metals.BuildTargets.inverseSources(BuildTargets.scala:319)
	at scala.meta.internal.metals.FileSystemSemanticdbs.textDocument(FileSystemSemanticdbs.scala:33)
	at scala.meta.internal.metals.AggregateSemanticdbs.loop$1(AggregateSemanticdbs.scala:30)
	at scala.meta.internal.metals.AggregateSemanticdbs.textDocument(AggregateSemanticdbs.scala:36)
	at scala.meta.internal.metals.CodeLensProvider.findLenses(CodeLensProvider.scala:22)
	at scala.meta.internal.metals.MetalsLanguageServer.$anonfun$codeLens$2(MetalsLanguageServer.scala:1628)
	at scala.meta.internal.metals.TimerProvider.timedThunk(TimerProvider.scala:25)
	at scala.meta.internal.metals.MetalsLanguageServer.$anonfun$codeLens$1(MetalsLanguageServer.scala:1626)
	at scala.meta.internal.metals.CancelTokens$.$anonfun$apply$2(CancelTokens.scala:26)
	at scala.concurrent.Future$.$anonfun$apply$1(Future.scala:659)
	at scala.util.Success.$anonfun$map$1(Try.scala:255)
	at scala.util.Success.map(Try.scala:213)
	at scala.concurrent.Future.$anonfun$map$1(Future.scala:292)
	at scala.concurrent.impl.Promise.liftedTree1$1(Promise.scala:33)
	at scala.concurrent.impl.Promise.$anonfun$transform$1(Promise.scala:33)
	at scala.concurrent.impl.CallbackRunnable.run(Promise.scala:64)
	at java.util.concurrent.ThreadPoolExecutor.runWorker(ThreadPoolExecutor.java:1149)
	at java.util.concurrent.ThreadPoolExecutor$Worker.run(ThreadPoolExecutor.java:624)
	at java.lang.Thread.run(Thread.java:748)

2022.04.05 10:22:40 ERROR text document: file:///root/grad_design/Experiments_GraphX/graph/PageRank.scala
org.h2.jdbc.JdbcSQLSyntaxErrorException: Table "DEPENDENCY_SOURCE" not found (this database is empty); SQL statement:
select build_target_uri from dependency_source where text_document_uri = ?; [42104-206]
	at org.h2.message.DbException.getJdbcSQLException(DbException.java:521)
	at org.h2.engine.SessionRemote.readException(SessionRemote.java:637)
	at org.h2.engine.SessionRemote.done(SessionRemote.java:606)
	at org.h2.command.CommandRemote.prepare(CommandRemote.java:78)
	at org.h2.command.CommandRemote.<init>(CommandRemote.java:50)
	at org.h2.engine.SessionRemote.prepareCommand(SessionRemote.java:480)
	at org.h2.jdbc.JdbcConnection.prepareCommand(JdbcConnection.java:1111)
	at org.h2.jdbc.JdbcPreparedStatement.<init>(JdbcPreparedStatement.java:92)
	at org.h2.jdbc.JdbcConnection.prepareStatement(JdbcConnection.java:283)
	at scala.meta.internal.metals.JdbcEnrichments$XtensionConnection.query(JdbcEnrichments.scala:35)
	at scala.meta.internal.metals.DependencySources.getBuildTarget(DependencySources.scala:27)
	at scala.meta.internal.metals.BuildTargets.$anonfun$inverseSources$1(BuildTargets.scala:319)
	at scala.Option.flatMap(Option.scala:271)
	at scala.meta.internal.metals.BuildTargets.inverseSources(BuildTargets.scala:319)
	at scala.meta.internal.metals.FileSystemSemanticdbs.textDocument(FileSystemSemanticdbs.scala:33)
	at scala.meta.internal.metals.AggregateSemanticdbs.loop$1(AggregateSemanticdbs.scala:30)
	at scala.meta.internal.metals.AggregateSemanticdbs.textDocument(AggregateSemanticdbs.scala:36)
	at scala.meta.internal.metals.CodeLensProvider.findLenses(CodeLensProvider.scala:22)
	at scala.meta.internal.metals.MetalsLanguageServer.$anonfun$codeLens$2(MetalsLanguageServer.scala:1628)
	at scala.meta.internal.metals.TimerProvider.timedThunk(TimerProvider.scala:25)
	at scala.meta.internal.metals.MetalsLanguageServer.$anonfun$codeLens$1(MetalsLanguageServer.scala:1626)
	at scala.meta.internal.metals.CancelTokens$.$anonfun$apply$2(CancelTokens.scala:26)
	at scala.concurrent.Future$.$anonfun$apply$1(Future.scala:659)
	at scala.util.Success.$anonfun$map$1(Try.scala:255)
	at scala.util.Success.map(Try.scala:213)
	at scala.concurrent.Future.$anonfun$map$1(Future.scala:292)
	at scala.concurrent.impl.Promise.liftedTree1$1(Promise.scala:33)
	at scala.concurrent.impl.Promise.$anonfun$transform$1(Promise.scala:33)
	at scala.concurrent.impl.CallbackRunnable.run(Promise.scala:64)
	at java.util.concurrent.ThreadPoolExecutor.runWorker(ThreadPoolExecutor.java:1149)
	at java.util.concurrent.ThreadPoolExecutor$Worker.run(ThreadPoolExecutor.java:624)
	at java.lang.Thread.run(Thread.java:748)

2022.04.06 08:32:57 INFO  shutting down Metals
2022.04.06 08:42:30 INFO  tracing is disabled for protocol LSP, to enable tracing of incoming and outgoing JSON messages create an empty file at /root/grad_design/Experiments_GraphX/.metals/lsp.trace.json or /root/.cache/metals/lsp.trace.json
2022.04.06 08:42:31 INFO  logging to file /root/grad_design/Experiments_GraphX/.metals/metals.log
2022.04.06 08:42:31 INFO  Started: Metals version 0.11.2 in workspace '/root/grad_design/Experiments_GraphX' for client Visual Studio Code 1.66.0.
2022.04.06 08:42:33 INFO  time: initialize in 2.02s
2022.04.06 08:42:34 WARN  Build server is not auto-connectable.
2022.04.06 08:42:34 WARN  no build tool detected in workspace '/root/grad_design/Experiments_GraphX'. The most common cause for this problem is that the editor was opened in the wrong working directory, for example if you use sbt then the workspace directory should contain build.sbt. 
2022.04.06 08:42:35 WARN  no build target for: /root/grad_design/Experiments_GraphX/graph/PageRank.scala
2022.04.06 08:43:08 INFO  no build target found for /root/grad_design/Experiments_GraphX/graph/PageRank.scala. Using presentation compiler with project's scala-library version: 3.1.1
2022.04.06 08:43:12 INFO  time: code lens generation in 35s
2022.04.06 12:33:47 INFO  tracing is disabled for protocol LSP, to enable tracing of incoming and outgoing JSON messages create an empty file at /root/grad_design/Experiments_GraphX/.metals/lsp.trace.json or /root/.cache/metals/lsp.trace.json
2022.04.06 12:33:48 INFO  logging to file /root/grad_design/Experiments_GraphX/.metals/metals.log
2022.04.06 12:33:48 INFO  Started: Metals version 0.11.2 in workspace '/root/grad_design/Experiments_GraphX' for client Visual Studio Code 1.66.0.
2022.04.06 12:33:50 INFO  time: initialize in 1.86s
2022.04.06 12:33:50 WARN  Build server is not auto-connectable.
2022.04.06 12:33:50 WARN  no build tool detected in workspace '/root/grad_design/Experiments_GraphX'. The most common cause for this problem is that the editor was opened in the wrong working directory, for example if you use sbt then the workspace directory should contain build.sbt. 
2022.04.06 12:33:51 WARN  no build target for: /root/grad_design/Experiments_GraphX/graph/PageRank.scala
2022.04.06 12:33:54 INFO  no build target found for /root/grad_design/Experiments_GraphX/graph/PageRank.scala. Using presentation compiler with project's scala-library version: 3.1.1
2022.04.06 12:33:59 INFO  time: code lens generation in 6.96s
2022.04.06 12:38:33 INFO  shutting down Metals
2022.04.07 02:52:22 WARN  no build target for: /root/grad_design/Experiments_GraphX/spark-graphx-twitter/src/main/scala/com.knoldus.spark.graphx.example/FindInfluencer.scala
2022.04.07 03:16:58 INFO  shutting down Metals
2022.04.07 06:00:24 INFO  tracing is disabled for protocol LSP, to enable tracing of incoming and outgoing JSON messages create an empty file at /root/grad_design/Experiments_GraphX/.metals/lsp.trace.json or /root/.cache/metals/lsp.trace.json
2022.04.07 06:00:25 INFO  logging to file /root/grad_design/Experiments_GraphX/.metals/metals.log
2022.04.07 06:00:25 INFO  Started: Metals version 0.11.2 in workspace '/root/grad_design/Experiments_GraphX' for client Visual Studio Code 1.66.0.
2022.04.07 06:00:27 INFO  time: initialize in 1.88s
2022.04.07 06:00:28 WARN  Build server is not auto-connectable.
2022.04.07 06:00:28 WARN  no build tool detected in workspace '/root/grad_design/Experiments_GraphX'. The most common cause for this problem is that the editor was opened in the wrong working directory, for example if you use sbt then the workspace directory should contain build.sbt. 
2022.04.07 06:00:29 WARN  no build target for: /root/grad_design/Experiments_GraphX/graph/PageRank.scala
2022.04.07 06:00:32 INFO  no build target found for /root/grad_design/Experiments_GraphX/graph/PageRank.scala. Using presentation compiler with project's scala-library version: 3.1.1
2022.04.07 06:00:36 INFO  time: code lens generation in 6.15s
2022.04.07 06:03:03 WARN  no build target for: /root/grad_design/Experiments_GraphX/spark-graphx-twitter/build.sbt
2022.04.07 06:03:11 WARN  no build target for: /root/grad_design/Experiments_GraphX/spark-graphx-twitter/src/main/scala/com.knoldus.spark.graphx.example/FindInfluencer.scala
